have_header: checking for ruby/st.h... -------------------- yes

"gcc -o conftest -I/usr/share/rvm/rubies/ruby-2.7.0/include/ruby-2.7.0/x86_64-linux -I/usr/share/rvm/rubies/ruby-2.7.0/include/ruby-2.7.0/ruby/backward -I/usr/share/rvm/rubies/ruby-2.7.0/include/ruby-2.7.0 -I.    -O3 -ggdb3 -Wall -Wextra -Wdeprecated-declarations -Wduplicated-cond -Wimplicit-function-declaration -Wimplicit-int -Wmisleading-indentation -Wpointer-arith -Wwrite-strings -Wimplicit-fallthrough=0 -Wmissing-noreturn -Wno-cast-function-type -Wno-constant-logical-operand -Wno-long-long -Wno-missing-field-initializers -Wno-overlength-strings -Wno-packed-bitfield-compat -Wno-parentheses-equality -Wno-self-assign -Wno-tautological-compare -Wno-unused-parameter -Wno-unused-value -Wsuggest-attribute=format -Wsuggest-attribute=noreturn -Wunused-variable  -fPIC conftest.c  -L. -L/usr/share/rvm/rubies/ruby-2.7.0/lib -Wl,-rpath,/usr/share/rvm/rubies/ruby-2.7.0/lib -L. -fstack-protector-strong -rdynamic -Wl,-export-dynamic     -Wl,-rpath,'/../lib' -Wl,-rpath,'/../lib' -lruby  -lm   -lc"
checked program was:
/* begin */
1: #include "ruby.h"
2: 
3: int main(int argc, char **argv)
4: {
5:   return !!argv[argc];
6: }
/* end */

"gcc -E -I/usr/share/rvm/rubies/ruby-2.7.0/include/ruby-2.7.0/x86_64-linux -I/usr/share/rvm/rubies/ruby-2.7.0/include/ruby-2.7.0/ruby/backward -I/usr/share/rvm/rubies/ruby-2.7.0/include/ruby-2.7.0 -I.    -O3 -ggdb3 -Wall -Wextra -Wdeprecated-declarations -Wduplicated-cond -Wimplicit-function-declaration -Wimplicit-int -Wmisleading-indentation -Wpointer-arith -Wwrite-strings -Wimplicit-fallthrough=0 -Wmissing-noreturn -Wno-cast-function-type -Wno-constant-logical-operand -Wno-long-long -Wno-missing-field-initializers -Wno-overlength-strings -Wno-packed-bitfield-compat -Wno-parentheses-equality -Wno-self-assign -Wno-tautological-compare -Wno-unused-parameter -Wno-unused-value -Wsuggest-attribute=format -Wsuggest-attribute=noreturn -Wunused-variable  -fPIC  conftest.c -o conftest.i"
checked program was:
/* begin */
1: #include "ruby.h"
2: 
3: #include <ruby/st.h>
/* end */

--------------------

have_header: checking for st.h... -------------------- yes

"gcc -E -I/usr/share/rvm/rubies/ruby-2.7.0/include/ruby-2.7.0/x86_64-linux -I/usr/share/rvm/rubies/ruby-2.7.0/include/ruby-2.7.0/ruby/backward -I/usr/share/rvm/rubies/ruby-2.7.0/include/ruby-2.7.0 -I.    -O3 -ggdb3 -Wall -Wextra -Wdeprecated-declarations -Wduplicated-cond -Wimplicit-function-declaration -Wimplicit-int -Wmisleading-indentation -Wpointer-arith -Wwrite-strings -Wimplicit-fallthrough=0 -Wmissing-noreturn -Wno-cast-function-type -Wno-constant-logical-operand -Wno-long-long -Wno-missing-field-initializers -Wno-overlength-strings -Wno-packed-bitfield-compat -Wno-parentheses-equality -Wno-self-assign -Wno-tautological-compare -Wno-unused-parameter -Wno-unused-value -Wsuggest-attribute=format -Wsuggest-attribute=noreturn -Wunused-variable  -fPIC  conftest.c -o conftest.i"
In file included from conftest.c:3:
/usr/share/rvm/rubies/ruby-2.7.0/include/ruby-2.7.0/ruby/backward/st.h:2:2: warning: #warning use "ruby/st.h" instead of bare "st.h" [-Wcpp]
    2 | #warning use "ruby/st.h" instead of bare "st.h"
      |  ^~~~~~~
cc1: warning: unrecognized command line option ‘-Wno-self-assign’
cc1: warning: unrecognized command line option ‘-Wno-parentheses-equality’
cc1: warning: unrecognized command line option ‘-Wno-constant-logical-operand’
checked program was:
/* begin */
1: #include "ruby.h"
2: 
3: #include <st.h>
/* end */

--------------------

have_func: checking for rb_enc_interned_str() in ruby.h... -------------------- no

"gcc -o conftest -I/usr/share/rvm/rubies/ruby-2.7.0/include/ruby-2.7.0/x86_64-linux -I/usr/share/rvm/rubies/ruby-2.7.0/include/ruby-2.7.0/ruby/backward -I/usr/share/rvm/rubies/ruby-2.7.0/include/ruby-2.7.0 -I.    -O3 -ggdb3 -Wall -Wextra -Wdeprecated-declarations -Wduplicated-cond -Wimplicit-function-declaration -Wimplicit-int -Wmisleading-indentation -Wpointer-arith -Wwrite-strings -Wimplicit-fallthrough=0 -Wmissing-noreturn -Wno-cast-function-type -Wno-constant-logical-operand -Wno-long-long -Wno-missing-field-initializers -Wno-overlength-strings -Wno-packed-bitfield-compat -Wno-parentheses-equality -Wno-self-assign -Wno-tautological-compare -Wno-unused-parameter -Wno-unused-value -Wsuggest-attribute=format -Wsuggest-attribute=noreturn -Wunused-variable  -fPIC conftest.c  -L. -L/usr/share/rvm/rubies/ruby-2.7.0/lib -Wl,-rpath,/usr/share/rvm/rubies/ruby-2.7.0/lib -L. -fstack-protector-strong -rdynamic -Wl,-export-dynamic     -Wl,-rpath,'/../lib' -Wl,-rpath,'/../lib' -lruby  -lm   -lc"
conftest.c: In function ‘t’:
conftest.c:16:57: error: ‘rb_enc_interned_str’ undeclared (first use in this function); did you mean ‘rb_sym_interned_p’?
   16 | int t(void) { void ((*volatile p)()); p = (void ((*)()))rb_enc_interned_str; return !p; }
      |                                                         ^~~~~~~~~~~~~~~~~~~
      |                                                         rb_sym_interned_p
conftest.c:16:57: note: each undeclared identifier is reported only once for each function it appears in
conftest.c: At top level:
cc1: warning: unrecognized command line option ‘-Wno-self-assign’
cc1: warning: unrecognized command line option ‘-Wno-parentheses-equality’
cc1: warning: unrecognized command line option ‘-Wno-constant-logical-operand’
checked program was:
/* begin */
 1: #include "ruby.h"
 2: 
 3: #include <ruby.h>
 4: 
 5: /*top*/
 6: extern int t(void);
 7: int main(int argc, char **argv)
 8: {
 9:   if (argc > 1000000) {
10:     int (* volatile tp)(void)=(int (*)(void))&t;
11:     printf("%d", (*tp)());
12:   }
13: 
14:   return !!argv[argc];
15: }
16: int t(void) { void ((*volatile p)()); p = (void ((*)()))rb_enc_interned_str; return !p; }
/* end */

"gcc -o conftest -I/usr/share/rvm/rubies/ruby-2.7.0/include/ruby-2.7.0/x86_64-linux -I/usr/share/rvm/rubies/ruby-2.7.0/include/ruby-2.7.0/ruby/backward -I/usr/share/rvm/rubies/ruby-2.7.0/include/ruby-2.7.0 -I.    -O3 -ggdb3 -Wall -Wextra -Wdeprecated-declarations -Wduplicated-cond -Wimplicit-function-declaration -Wimplicit-int -Wmisleading-indentation -Wpointer-arith -Wwrite-strings -Wimplicit-fallthrough=0 -Wmissing-noreturn -Wno-cast-function-type -Wno-constant-logical-operand -Wno-long-long -Wno-missing-field-initializers -Wno-overlength-strings -Wno-packed-bitfield-compat -Wno-parentheses-equality -Wno-self-assign -Wno-tautological-compare -Wno-unused-parameter -Wno-unused-value -Wsuggest-attribute=format -Wsuggest-attribute=noreturn -Wunused-variable  -fPIC conftest.c  -L. -L/usr/share/rvm/rubies/ruby-2.7.0/lib -Wl,-rpath,/usr/share/rvm/rubies/ruby-2.7.0/lib -L. -fstack-protector-strong -rdynamic -Wl,-export-dynamic     -Wl,-rpath,'/../lib' -Wl,-rpath,'/../lib' -lruby  -lm   -lc"
/usr/bin/ld: /tmp/cc8ez9EM.o: in function `t':
/home/ubuntu/MobieAppProject/MainFiles/vedor/bundle/ruby/2.7.0/gems/msgpack-1.5.1/ext/msgpack/conftest.c:17: undefined reference to `rb_enc_interned_str'
collect2: error: ld returned 1 exit status
checked program was:
/* begin */
 1: #include "ruby.h"
 2: 
 3: #include <ruby.h>
 4: 
 5: /*top*/
 6: extern int t(void);
 7: int main(int argc, char **argv)
 8: {
 9:   if (argc > 1000000) {
10:     int (* volatile tp)(void)=(int (*)(void))&t;
11:     printf("%d", (*tp)());
12:   }
13: 
14:   return !!argv[argc];
15: }
16: extern void rb_enc_interned_str();
17: int t(void) { rb_enc_interned_str(); return 0; }
/* end */

--------------------

